[2022-02-09T21:30:52.776Z] Validating found git in: git
[2022-02-09T21:30:52.811Z] Using git 2.25.1 from git
[2022-02-09T21:30:52.832Z] > git rev-parse --git-dir [2ms]
[2022-02-09T21:30:52.842Z] Open repository: /home/bash-env
[2022-02-09T21:30:52.877Z] > git symbolic-ref --short HEAD [2ms]
[2022-02-09T21:30:52.887Z] > git for-each-ref --format=%(refname)%00%(upstream:short)%00%(objectname)%00%(upstream:track) refs/heads/master refs/remotes/master [2ms]
[2022-02-09T21:30:52.910Z] > git for-each-ref --sort -committerdate --format %(refname) %(objectname) %(*objectname) [15ms]
[2022-02-09T21:30:52.912Z] > git remote --verbose [10ms]
[2022-02-09T21:30:52.933Z] > git config --get commit.template [2ms]
[2022-02-09T21:30:56.454Z] > git symbolic-ref --short HEAD [1ms]
[2022-02-09T21:30:56.462Z] > git for-each-ref --format=%(refname)%00%(upstream:short)%00%(objectname)%00%(upstream:track) refs/heads/master refs/remotes/master [2ms]
[2022-02-09T21:30:56.477Z] > git for-each-ref --sort -committerdate --format %(refname) %(objectname) %(*objectname) [8ms]
[2022-02-09T21:30:56.478Z] > git remote --verbose [2ms]
[2022-02-09T21:30:56.495Z] > git config --get commit.template [1ms]
[2022-02-09T21:31:01.525Z] > git symbolic-ref --short HEAD [2ms]
[2022-02-09T21:31:01.540Z] > git for-each-ref --format=%(refname)%00%(upstream:short)%00%(objectname)%00%(upstream:track) refs/heads/master refs/remotes/master [1ms]
[2022-02-09T21:31:01.579Z] > git for-each-ref --sort -committerdate --format %(refname) %(objectname) %(*objectname) [11ms]
[2022-02-09T21:31:01.580Z] > git remote --verbose [2ms]
[2022-02-09T21:31:01.596Z] > git config --get commit.template [2ms]
[2022-02-09T21:31:02.206Z] > git ls-files --stage -- /home/bash-env/env-setup.sh [2ms]
[2022-02-09T21:31:02.214Z] > git cat-file -s 564b409e9f7a2d68073edafb95d1405defdfb153 [1ms]
[2022-02-09T21:31:06.619Z] > git symbolic-ref --short HEAD [1ms]
[2022-02-09T21:31:06.628Z] > git for-each-ref --format=%(refname)%00%(upstream:short)%00%(objectname)%00%(upstream:track) refs/heads/master refs/remotes/master [2ms]
[2022-02-09T21:31:06.643Z] > git for-each-ref --sort -committerdate --format %(refname) %(objectname) %(*objectname) [8ms]
[2022-02-09T21:31:06.644Z] > git remote --verbose [2ms]
[2022-02-09T21:31:06.659Z] > git config --get commit.template [2ms]
[2022-02-09T21:31:11.681Z] > git symbolic-ref --short HEAD [2ms]
[2022-02-09T21:31:11.690Z] > git for-each-ref --format=%(refname)%00%(upstream:short)%00%(objectname)%00%(upstream:track) refs/heads/master refs/remotes/master [1ms]
[2022-02-09T21:31:11.704Z] > git for-each-ref --sort -committerdate --format %(refname) %(objectname) %(*objectname) [8ms]
[2022-02-09T21:31:11.705Z] > git remote --verbose [2ms]
[2022-02-09T21:31:11.721Z] > git config --get commit.template [2ms]
[2022-02-09T21:31:16.743Z] > git symbolic-ref --short HEAD [2ms]
[2022-02-09T21:31:16.752Z] > git for-each-ref --format=%(refname)%00%(upstream:short)%00%(objectname)%00%(upstream:track) refs/heads/master refs/remotes/master [2ms]
[2022-02-09T21:31:16.768Z] > git for-each-ref --sort -committerdate --format %(refname) %(objectname) %(*objectname) [9ms]
[2022-02-09T21:31:16.768Z] > git remote --verbose [3ms]
[2022-02-09T21:31:16.789Z] > git config --get commit.template [3ms]
[2022-02-09T21:31:21.812Z] > git symbolic-ref --short HEAD [1ms]
[2022-02-09T21:31:21.821Z] > git for-each-ref --format=%(refname)%00%(upstream:short)%00%(objectname)%00%(upstream:track) refs/heads/master refs/remotes/master [2ms]
[2022-02-09T21:31:21.837Z] > git for-each-ref --sort -committerdate --format %(refname) %(objectname) %(*objectname) [9ms]
[2022-02-09T21:31:21.838Z] > git remote --verbose [3ms]
[2022-02-09T21:31:21.855Z] > git config --get commit.template [1ms]
[2022-02-09T21:31:26.880Z] > git symbolic-ref --short HEAD [1ms]
[2022-02-09T21:31:26.889Z] > git for-each-ref --format=%(refname)%00%(upstream:short)%00%(objectname)%00%(upstream:track) refs/heads/master refs/remotes/master [2ms]
[2022-02-09T21:31:26.904Z] > git for-each-ref --sort -committerdate --format %(refname) %(objectname) %(*objectname) [8ms]
[2022-02-09T21:31:26.904Z] > git remote --verbose [2ms]
[2022-02-09T21:31:26.923Z] > git config --get commit.template [2ms]
[2022-02-09T21:31:31.947Z] > git symbolic-ref --short HEAD [2ms]
[2022-02-09T21:31:31.958Z] > git for-each-ref --format=%(refname)%00%(upstream:short)%00%(objectname)%00%(upstream:track) refs/heads/master refs/remotes/master [3ms]
[2022-02-09T21:31:31.976Z] > git for-each-ref --sort -committerdate --format %(refname) %(objectname) %(*objectname) [10ms]
[2022-02-09T21:31:31.976Z] > git remote --verbose [2ms]
[2022-02-09T21:31:31.998Z] > git config --get commit.template [2ms]
[2022-02-09T21:31:37.021Z] > git symbolic-ref --short HEAD [2ms]
[2022-02-09T21:31:37.030Z] > git for-each-ref --format=%(refname)%00%(upstream:short)%00%(objectname)%00%(upstream:track) refs/heads/master refs/remotes/master [2ms]
[2022-02-09T21:31:37.047Z] > git for-each-ref --sort -committerdate --format %(refname) %(objectname) %(*objectname) [8ms]
[2022-02-09T21:31:37.047Z] > git remote --verbose [2ms]
[2022-02-09T21:31:37.062Z] > git config --get commit.template [1ms]
[2022-02-09T21:31:42.089Z] > git symbolic-ref --short HEAD [1ms]
[2022-02-09T21:31:42.098Z] > git for-each-ref --format=%(refname)%00%(upstream:short)%00%(objectname)%00%(upstream:track) refs/heads/master refs/remotes/master [2ms]
[2022-02-09T21:31:42.113Z] > git for-each-ref --sort -committerdate --format %(refname) %(objectname) %(*objectname) [8ms]
[2022-02-09T21:31:42.113Z] > git remote --verbose [2ms]
[2022-02-09T21:31:42.129Z] > git config --get commit.template [1ms]
[2022-02-09T21:31:47.155Z] > git symbolic-ref --short HEAD [1ms]
[2022-02-09T21:31:47.164Z] > git for-each-ref --format=%(refname)%00%(upstream:short)%00%(objectname)%00%(upstream:track) refs/heads/master refs/remotes/master [1ms]
[2022-02-09T21:31:47.179Z] > git for-each-ref --sort -committerdate --format %(refname) %(objectname) %(*objectname) [7ms]
[2022-02-09T21:31:47.180Z] > git remote --verbose [2ms]
[2022-02-09T21:31:47.200Z] > git config --get commit.template [1ms]
[2022-02-09T21:32:42.438Z] > git symbolic-ref --short HEAD [2ms]
[2022-02-09T21:32:42.452Z] > git for-each-ref --format=%(refname)%00%(upstream:short)%00%(objectname)%00%(upstream:track) refs/heads/master refs/remotes/master [4ms]
[2022-02-09T21:32:42.475Z] > git for-each-ref --sort -committerdate --format %(refname) %(objectname) %(*objectname) [14ms]
[2022-02-09T21:32:42.476Z] > git remote --verbose [3ms]
[2022-02-09T21:32:42.496Z] > git config --get commit.template [2ms]
[2022-02-09T21:32:47.926Z] > git symbolic-ref --short HEAD [1ms]
[2022-02-09T21:32:47.937Z] > git for-each-ref --format=%(refname)%00%(upstream:short)%00%(objectname)%00%(upstream:track) refs/heads/master refs/remotes/master [3ms]
[2022-02-09T21:32:47.954Z] > git for-each-ref --sort -committerdate --format %(refname) %(objectname) %(*objectname) [9ms]
[2022-02-09T21:32:47.955Z] > git remote --verbose [2ms]
[2022-02-09T21:32:47.970Z] > git config --get commit.template [2ms]
[2022-02-09T21:32:55.211Z] > git symbolic-ref --short HEAD [2ms]
[2022-02-09T21:32:55.219Z] > git for-each-ref --format=%(refname)%00%(upstream:short)%00%(objectname)%00%(upstream:track) refs/heads/master refs/remotes/master [1ms]
[2022-02-09T21:32:55.237Z] > git for-each-ref --sort -committerdate --format %(refname) %(objectname) %(*objectname) [9ms]
[2022-02-09T21:32:55.238Z] > git remote --verbose [2ms]
[2022-02-09T21:32:55.256Z] > git config --get commit.template [3ms]
[2022-02-09T21:33:00.278Z] > git symbolic-ref --short HEAD [2ms]
[2022-02-09T21:33:00.287Z] > git for-each-ref --format=%(refname)%00%(upstream:short)%00%(objectname)%00%(upstream:track) refs/heads/master refs/remotes/master [2ms]
[2022-02-09T21:33:00.300Z] > git for-each-ref --sort -committerdate --format %(refname) %(objectname) %(*objectname) [7ms]
[2022-02-09T21:33:00.301Z] > git remote --verbose [2ms]
[2022-02-09T21:33:00.318Z] > git config --get commit.template [1ms]
[2022-02-09T21:33:05.339Z] > git symbolic-ref --short HEAD [1ms]
[2022-02-09T21:33:05.349Z] > git for-each-ref --format=%(refname)%00%(upstream:short)%00%(objectname)%00%(upstream:track) refs/heads/master refs/remotes/master [2ms]
[2022-02-09T21:33:05.362Z] > git for-each-ref --sort -committerdate --format %(refname) %(objectname) %(*objectname) [7ms]
[2022-02-09T21:33:05.363Z] > git remote --verbose [2ms]
[2022-02-09T21:33:05.377Z] > git config --get commit.template [2ms]
[2022-02-09T21:33:10.397Z] > git symbolic-ref --short HEAD [1ms]
[2022-02-09T21:33:10.406Z] > git for-each-ref --format=%(refname)%00%(upstream:short)%00%(objectname)%00%(upstream:track) refs/heads/master refs/remotes/master [2ms]
[2022-02-09T21:33:10.419Z] > git for-each-ref --sort -committerdate --format %(refname) %(objectname) %(*objectname) [7ms]
[2022-02-09T21:33:10.420Z] > git remote --verbose [2ms]
[2022-02-09T21:33:10.433Z] > git config --get commit.template [1ms]
[2022-02-09T21:33:15.457Z] > git symbolic-ref --short HEAD [2ms]
[2022-02-09T21:33:15.467Z] > git for-each-ref --format=%(refname)%00%(upstream:short)%00%(objectname)%00%(upstream:track) refs/heads/master refs/remotes/master [3ms]
[2022-02-09T21:33:15.482Z] > git for-each-ref --sort -committerdate --format %(refname) %(objectname) %(*objectname) [9ms]
[2022-02-09T21:33:15.485Z] > git remote --verbose [4ms]
[2022-02-09T21:33:15.500Z] > git config --get commit.template [1ms]
[2022-02-09T21:33:20.522Z] > git symbolic-ref --short HEAD [1ms]
[2022-02-09T21:33:20.531Z] > git for-each-ref --format=%(refname)%00%(upstream:short)%00%(objectname)%00%(upstream:track) refs/heads/master refs/remotes/master [2ms]
[2022-02-09T21:33:20.546Z] > git for-each-ref --sort -committerdate --format %(refname) %(objectname) %(*objectname) [9ms]
[2022-02-09T21:33:20.547Z] > git remote --verbose [3ms]
[2022-02-09T21:33:20.568Z] > git config --get commit.template [2ms]
[2022-02-09T21:33:25.588Z] > git symbolic-ref --short HEAD [1ms]
[2022-02-09T21:33:25.598Z] > git for-each-ref --format=%(refname)%00%(upstream:short)%00%(objectname)%00%(upstream:track) refs/heads/master refs/remotes/master [2ms]
[2022-02-09T21:33:25.612Z] > git for-each-ref --sort -committerdate --format %(refname) %(objectname) %(*objectname) [7ms]
[2022-02-09T21:33:25.613Z] > git remote --verbose [2ms]
[2022-02-09T21:33:25.626Z] > git config --get commit.template [1ms]
[2022-02-09T21:33:30.648Z] > git symbolic-ref --short HEAD [1ms]
[2022-02-09T21:33:30.656Z] > git for-each-ref --format=%(refname)%00%(upstream:short)%00%(objectname)%00%(upstream:track) refs/heads/master refs/remotes/master [1ms]
[2022-02-09T21:33:30.670Z] > git for-each-ref --sort -committerdate --format %(refname) %(objectname) %(*objectname) [7ms]
[2022-02-09T21:33:30.671Z] > git remote --verbose [2ms]
[2022-02-09T21:33:30.683Z] > git config --get commit.template [1ms]
[2022-02-09T21:33:35.707Z] > git symbolic-ref --short HEAD [1ms]
[2022-02-09T21:33:35.716Z] > git for-each-ref --format=%(refname)%00%(upstream:short)%00%(objectname)%00%(upstream:track) refs/heads/master refs/remotes/master [2ms]
[2022-02-09T21:33:35.729Z] > git for-each-ref --sort -committerdate --format %(refname) %(objectname) %(*objectname) [7ms]
[2022-02-09T21:33:35.730Z] > git remote --verbose [2ms]
[2022-02-09T21:33:35.747Z] > git config --get commit.template [2ms]
